[debug] [2022-02-17T18:59:36.149Z] ----------------------------------------------------------------------
[debug] [2022-02-17T18:59:36.152Z] Command:       C:\Program Files\nodejs\node.exe C:\Users\EmiZ\AppData\Roaming\npm\node_modules\firebase-tools\lib\bin\firebase.js init
[debug] [2022-02-17T18:59:36.153Z] CLI Version:   7.0.0
[debug] [2022-02-17T18:59:36.153Z] Platform:      win32
[debug] [2022-02-17T18:59:36.153Z] Node Version:  v14.17.5
[debug] [2022-02-17T18:59:36.154Z] Time:          Fri Feb 18 2022 00:29:36 GMT+0530 (India Standard Time)
[debug] [2022-02-17T18:59:36.154Z] ----------------------------------------------------------------------
[debug] 
[debug] [2022-02-17T18:59:36.172Z] > command requires scopes: ["email","openid","https://www.googleapis.com/auth/cloudplatformprojects.readonly","https://www.googleapis.com/auth/firebase","https://www.googleapis.com/auth/cloud-platform"]
[debug] [2022-02-17T18:59:36.173Z] > authorizing via signed-in user
[info] 
     ######## #### ########  ######## ########     ###     ######  ########
     ##        ##  ##     ## ##       ##     ##  ##   ##  ##       ##
     ######    ##  ########  ######   ########  #########  ######  ######
     ##        ##  ##    ##  ##       ##     ## ##     ##       ## ##
     ##       #### ##     ## ######## ########  ##     ##  ######  ########

You're about to initialize a Firebase project in this directory:

  G:\react projects\react-spotify

[info] 
=== Project Setup
[info] 
[info] First, let's associate this project directory with a Firebase project.
[info] You can create multiple project aliases by running firebase use --add, 
[info] but for now we'll just set up a default project.
[info] 
[debug] [2022-02-17T18:59:58.340Z] > refreshing access token with scopes: ["email","https://www.googleapis.com/auth/cloud-platform","https://www.googleapis.com/auth/cloudplatformprojects.readonly","https://www.googleapis.com/auth/firebase","openid"]
[debug] [2022-02-17T18:59:58.340Z] >>> HTTP REQUEST POST https://www.googleapis.com/oauth2/v3/token  
 <request body omitted>
[debug] [2022-02-17T18:59:58.565Z] <<< HTTP RESPONSE 200
[debug] [2022-02-17T18:59:58.686Z] >>> HTTP REQUEST GET https://firebase.googleapis.com/v1beta1/projects?page_size=100  
 
[debug] [2022-02-17T18:59:59.567Z] <<< HTTP RESPONSE 200
